2026-04-11T15:50:22.115Z Starting a combat {}2026-04-11T15:50:22.115Z Starting a combat {}
2026-04-11T15:50:22.120Z Character [4] does 8 damage to Character [0] critical! {}2026-04-11T15:50:22.120Z Character [4] does 8 damage to Character [0] critical! {}
2026-04-11T15:50:22.156Z Character [3] does 4 damage to Character [0] {}2026-04-11T15:50:22.156Z Character [3] does 4 damage to Character [0] {}
2026-04-11T15:50:22.696Z Character [0] does 10 damage to Character [3] {}2026-04-11T15:50:22.696Z Character [0] does 10 damage to Character [3] {}
2026-04-11T15:50:23.196Z Character [4] does 4 damage to Character [0] {}2026-04-11T15:50:23.196Z Character [4] does 4 damage to Character [0] {}
2026-04-11T15:50:23.237Z Character [3] does 4 damage to Character [0] {}2026-04-11T15:50:23.237Z Character [3] does 4 damage to Character [0] {}
2026-04-11T15:50:24.238Z Character [4] does 4 damage to Character [0] {}2026-04-11T15:50:24.238Z Character [4] does 4 damage to Character [0] {}
2026-04-11T15:50:24.278Z Character [3] does 4 damage to Character [0] {}2026-04-11T15:50:24.278Z Character [3] does 4 damage to Character [0] {}
2026-04-11T15:50:24.404Z Character [2] does 20 damage to Character [3] critical! {}2026-04-11T15:50:24.404Z Character [2] does 20 damage to Character [3] critical! {}
2026-04-11T15:50:24.446Z Character [1] does 10 damage to Character [3] {}2026-04-11T15:50:24.446Z Character [1] does 10 damage to Character [3] {}
2026-04-11T15:50:25.280Z Character [4] does 4 damage to Character [0] {}2026-04-11T15:50:25.280Z Character [4] does 4 damage to Character [0] {}
2026-04-11T15:50:25.320Z Character [0] does 10 damage to Character [4] {}2026-04-11T15:50:25.320Z Character [0] does 10 damage to Character [4] {}
2026-04-11T15:50:26.321Z Character [4] does 4 damage to Character [0] {}2026-04-11T15:50:26.321Z Character [4] does 4 damage to Character [0] {}
2026-04-11T15:50:27.362Z Character [4] does 4 damage to Character [0] {}2026-04-11T15:50:27.362Z Character [4] does 4 damage to Character [0] {}
2026-04-11T15:50:27.530Z Character [2] does 10 damage to Character [4] {}2026-04-11T15:50:27.530Z Character [2] does 10 damage to Character [4] {}
2026-04-11T15:50:27.571Z player {}2026-04-11T15:50:27.571Z player {}
2026-04-11T15:50:27.572Z Character [1] does 10 damage to Character [4] {}2026-04-11T15:50:27.572Z Character [1] does 10 damage to Character [4] {}
2026-04-11T15:51:04.570Z Starting a combat {}2026-04-11T15:51:04.570Z Starting a combat {}
2026-04-11T15:51:04.571Z Character [4] does 4 damage to Character [0] {}2026-04-11T15:51:04.571Z Character [4] does 4 damage to Character [0] {}
2026-04-11T15:51:04.613Z Character [3] does 4 damage to Character [0] {}2026-04-11T15:51:04.613Z Character [3] does 4 damage to Character [0] {}
2026-04-11T15:51:05.154Z Character [0] does 10 damage to Character [3] {}2026-04-11T15:51:05.154Z Character [0] does 10 damage to Character [3] {}
2026-04-11T15:51:05.612Z Character [4] does 4 damage to Character [0] {}2026-04-11T15:51:05.612Z Character [4] does 4 damage to Character [0] {}
2026-04-11T15:51:05.653Z Character [3] does 4 damage to Character [0] {}2026-04-11T15:51:05.653Z Character [3] does 4 damage to Character [0] {}
2026-04-11T15:51:06.654Z Character [4] does 4 damage to Character [0] {}2026-04-11T15:51:06.654Z Character [4] does 4 damage to Character [0] {}
2026-04-11T15:51:06.696Z Character [3] does 4 damage to Character [0] {}2026-04-11T15:51:06.696Z Character [3] does 4 damage to Character [0] {}
2026-04-11T15:51:06.821Z Character [2] does 20 damage to Character [3] critical! {}2026-04-11T15:51:06.821Z Character [2] does 20 damage to Character [3] critical! {}
2026-04-11T15:51:06.864Z Character [1] does 10 damage to Character [3] {}2026-04-11T15:51:06.864Z Character [1] does 10 damage to Character [3] {}
2026-04-11T15:51:07.695Z Character [4] does 4 damage to Character [0] {}2026-04-11T15:51:07.695Z Character [4] does 4 damage to Character [0] {}
2026-04-11T15:51:07.738Z Character [0] does 10 damage to Character [4] {}2026-04-11T15:51:07.738Z Character [0] does 10 damage to Character [4] {}
2026-04-11T15:51:08.738Z Character [4] does 4 damage to Character [0] {}2026-04-11T15:51:08.738Z Character [4] does 4 damage to Character [0] {}
2026-04-11T15:51:09.778Z Character [4] does 4 damage to Character [0] {}2026-04-11T15:51:09.778Z Character [4] does 4 damage to Character [0] {}
2026-04-11T15:51:09.946Z Character [2] does 10 damage to Character [4] {}2026-04-11T15:51:09.946Z Character [2] does 10 damage to Character [4] {}
2026-04-11T15:51:09.988Z player {}2026-04-11T15:51:09.988Z player {}
2026-04-11T15:51:09.989Z Character [1] does 10 damage to Character [4] {}2026-04-11T15:51:09.989Z Character [1] does 10 damage to Character [4] {}
2026-04-11T15:51:44.107Z Starting a combat
2026-04-11T15:51:44.111Z Character [4] does 4 damage to Character [0]
2026-04-11T15:51:44.147Z Character [3] does 8 damage to Character [0] critical!
2026-04-11T15:51:44.687Z Character [0] does 10 damage to Character [3]
2026-04-11T15:51:45.146Z Character [4] does 4 damage to Character [0]
2026-04-11T15:51:45.187Z Character [3] does 4 damage to Character [0]
2026-04-11T15:51:46.187Z Character [4] does 4 damage to Character [0]
2026-04-11T15:51:46.228Z Character [3] does 4 damage to Character [0]
2026-04-11T15:51:46.396Z Character [2] does 10 damage to Character [3]
2026-04-11T15:51:46.439Z Character [1] does 10 damage to Character [3]
2026-04-11T15:51:47.229Z Character [4] does 4 damage to Character [0]
2026-04-11T15:51:47.310Z Character [0] does 10 damage to Character [4]
2026-04-11T15:51:48.271Z Character [4] does 8 damage to Character [0] critical!
2026-04-11T15:51:49.311Z Character [4] does 4 damage to Character [0]
2026-04-11T15:51:49.521Z Character [2] does 10 damage to Character [4]
2026-04-11T15:51:49.562Z player
2026-04-11T15:51:49.563Z Character [1] does 20 damage to Character [4] critical!
2026-04-11T16:06:56.615Z: Starting a combat
2026-04-11T16:07:22.587Z: Starting a combat
2026-04-11T16:07:22.593Z: Character [4] does 4 damage to Character [0]
2026-04-11T16:07:22.627Z: Character [3] does 4 damage to Character [0]
2026-04-11T16:07:23.169Z: Character [0] does 10 damage to Character [3]
2026-04-11T16:07:23.668Z: Character [4] does 4 damage to Character [0]
2026-04-11T16:07:23.710Z: Character [3] does 4 damage to Character [0]
2026-04-11T16:07:35.314Z: Starting a combat
2026-04-11T16:07:35.319Z: Character [4] does 4 damage to Character [0]
2026-04-11T16:07:35.357Z: Character [3] does 4 damage to Character [0]
2026-04-11T16:07:35.897Z: Character [0] does 10 damage to Character [3]
2026-04-11T16:07:36.398Z: Character [4] does 4 damage to Character [0]
2026-04-11T16:07:36.439Z: Character [3] does 4 damage to Character [0]
2026-04-11T16:07:37.439Z: Character [4] does 4 damage to Character [0]
2026-04-11T16:07:37.523Z: Character [3] does 4 damage to Character [0]
2026-04-11T16:07:37.648Z: Character [2] does 10 damage to Character [3]
2026-04-11T16:07:37.688Z: Character [1] does 10 damage to Character [3]
2026-04-11T16:07:38.522Z: Character [4] does 4 damage to Character [0]
2026-04-11T16:07:38.563Z: Character [0] does 10 damage to Character [4]
2026-04-11T16:07:39.563Z: Character [4] does 4 damage to Character [0]
2026-04-11T16:07:40.646Z: Character [4] does 4 damage to Character [0]
2026-04-11T16:07:40.812Z: Character [2] does 10 damage to Character [4]
2026-04-11T16:07:40.856Z: player
2026-04-11T16:07:40.856Z: Character [1] does 10 damage to Character [4]
2026-04-11T16:08:07.651Z: Starting a combat
2026-04-11T16:08:07.655Z: Character [4] does 4 damage to Character [0]
2026-04-11T16:08:07.690Z: Character [3] does 4 damage to Character [0]
2026-04-11T16:08:08.235Z: Character [0] does 10 damage to Character [3]
2026-04-11T16:08:08.733Z: Character [4] does 4 damage to Character [0]
2026-04-11T16:08:08.775Z: Character [3] does 4 damage to Character [0]
2026-04-11T16:09:52.812Z: Starting a combat
2026-04-11T16:09:52.819Z: Character [4] does 4 damage to Character [0]
2026-04-11T16:09:52.852Z: Character [3] does 4 damage to Character [0]
2026-04-11T16:09:53.394Z: Character [0] does 10 damage to Character [3]
2026-04-11T16:09:53.894Z: Character [4] does 4 damage to Character [0]
2026-04-11T16:09:53.935Z: Character [3] does 4 damage to Character [0]
2026-04-11T16:09:54.936Z: Character [4] does 4 damage to Character [0]
2026-04-11T16:09:54.976Z: Character [3] does 4 damage to Character [0]
2026-04-11T16:09:55.101Z: Character [2] does 10 damage to Character [3]
2026-04-11T16:09:55.145Z: Character [1] does 10 damage to Character [3]
2026-04-11T16:10:19.259Z: Starting a combat
2026-04-11T16:10:19.262Z: Character [4] does 4 damage to Character [0]
2026-04-11T16:10:19.300Z: Character [3] does 8 damage to Character [0] critical!
2026-04-11T16:10:19.842Z: Character [0] does 10 damage to Character [3]
2026-04-11T16:10:20.341Z: Character [4] does 4 damage to Character [0]
2026-04-11T16:10:20.386Z: Character [3] does 8 damage to Character [0] critical!
2026-04-11T16:10:21.383Z: Character [4] does 4 damage to Character [0]
2026-04-11T16:10:21.426Z: Character [3] does 4 damage to Character [0]
2026-04-11T16:10:21.592Z: Character [2] does 10 damage to Character [3]
2026-04-11T16:10:21.634Z: Character [1] does 10 damage to Character [3]
2026-04-11T16:10:22.427Z: Character [4] does 4 damage to Character [0]
2026-04-11T16:10:22.510Z: Character [0] does 10 damage to Character [4]
2026-04-11T16:10:23.468Z: Character [4] does 8 damage to Character [0] critical!
2026-04-11T16:10:24.508Z: Character [4] does 4 damage to Character [0]
2026-04-11T16:10:24.760Z: Character [2] does 10 damage to Character [4]
2026-04-11T16:10:24.802Z: player
2026-04-11T16:10:24.802Z: Character [1] does 10 damage to Character [4]
2026-04-11T16:10:36.794Z: Starting a combat
2026-04-11T16:10:36.799Z: Character [4] does 4 damage to Character [0]
2026-04-11T16:10:36.834Z: Character [3] does 4 damage to Character [0]
2026-04-11T16:10:37.375Z: Character [0] does 10 damage to Character [3]
2026-04-11T16:10:37.832Z: Character [4] does 8 damage to Character [0] critical!
2026-04-11T16:10:37.876Z: Character [3] does 4 damage to Character [0]
2026-04-11T16:10:38.875Z: Character [4] does 4 damage to Character [0]
2026-04-11T16:10:38.916Z: Character [3] does 4 damage to Character [0]
2026-04-11T16:10:39.084Z: Character [2] does 10 damage to Character [3]
2026-04-11T16:10:39.126Z: Character [1] does 10 damage to Character [3]
2026-04-11T16:10:39.916Z: Character [4] does 4 damage to Character [0]
2026-04-11T16:10:40.001Z: Character [0] does 10 damage to Character [4]
2026-04-11T16:10:40.958Z: Character [4] does 4 damage to Character [0]
2026-04-11T16:10:41.999Z: Character [4] does 8 damage to Character [0] critical!
2026-04-11T16:10:42.249Z: Character [2] does 10 damage to Character [4]
2026-04-11T16:10:42.291Z: player
2026-04-11T16:10:42.291Z: Character [1] does 10 damage to Character [4]
2026-04-11T16:16:58.099Z: Starting a combat
2026-04-11T16:16:58.105Z: Character [4] does 4 damage to Character [0]
2026-04-11T16:16:58.140Z: Character [3] does 4 damage to Character [0]
2026-04-11T16:16:58.682Z: Character [0] does 10 damage to Character [3]
2026-04-11T16:16:59.181Z: Character [4] does 4 damage to Character [0]
2026-04-11T16:16:59.222Z: Character [3] does 4 damage to Character [0]
2026-04-11T16:17:00.223Z: Character [4] does 4 damage to Character [0]
2026-04-11T16:17:00.264Z: Character [3] does 4 damage to Character [0]
2026-04-11T16:17:00.388Z: Character [2] does 10 damage to Character [3]
2026-04-11T16:17:00.431Z: Character [1] does 10 damage to Character [3]
2026-04-11T16:17:19.497Z: Starting a combat
2026-04-11T16:17:19.500Z: Character [4] does 4 damage to Character [0]
2026-04-11T16:17:19.538Z: Character [3] does 4 damage to Character [0]
2026-04-11T16:17:20.079Z: Character [0] does 10 damage to Character [3]
2026-04-11T16:17:20.580Z: Character [4] does 4 damage to Character [0]
2026-04-11T16:17:20.622Z: Character [3] does 4 damage to Character [0]
2026-04-11T16:17:21.622Z: Character [4] does 4 damage to Character [0]
2026-04-11T16:17:21.663Z: Character [3] does 4 damage to Character [0]
2026-04-11T16:17:21.829Z: Character [2] does 10 damage to Character [3]
2026-04-11T16:17:21.871Z: Character [1] does 10 damage to Character [3]
2026-04-11T16:17:22.663Z: Character [4] does 4 damage to Character [0]
2026-04-11T16:17:22.704Z: Character [0] does 10 damage to Character [4]
2026-04-11T16:19:35.643Z: Starting a combat
2026-04-11T16:19:35.649Z: Character [4] does 4 damage to Character [0]
2026-04-11T16:19:35.683Z: Character [3] does 4 damage to Character [0]
2026-04-11T16:19:36.225Z: Character [0] does 10 damage to Character [3]
2026-04-11T16:19:36.724Z: Character [4] does 8 damage to Character [0] critical!
2026-04-11T16:19:36.766Z: Character [3] does 4 damage to Character [0]
2026-04-11T16:19:37.766Z: Character [4] does 4 damage to Character [0]
2026-04-11T16:19:37.808Z: Character [3] does 4 damage to Character [0]
2026-04-11T16:19:37.931Z: Character [2] does 10 damage to Character [3]
2026-04-11T16:19:37.974Z: Character [1] does 10 damage to Character [3]
2026-04-11T16:19:38.808Z: Character [4] does 4 damage to Character [0]
2026-04-11T16:19:38.849Z: Character [0] does 10 damage to Character [4]
2026-04-11T16:19:39.849Z: Character [4] does 4 damage to Character [0]
2026-04-11T16:19:40.891Z: Character [4] does 4 damage to Character [0]
2026-04-11T16:19:41.099Z: Character [2] does 10 damage to Character [4]
2026-04-11T16:19:41.142Z: player
2026-04-11T16:19:41.142Z: Character [1] does 10 damage to Character [4]
2026-04-11T16:25:32.933Z: Starting a combat
2026-04-11T16:25:32.940Z: Character [4] does 8 damage to Character [0] critical!
2026-04-11T16:25:32.973Z: Character [3] does 4 damage to Character [0]
2026-04-11T16:25:33.514Z: Character [0] does 10 damage to Character [3]
2026-04-11T16:25:34.014Z: Character [4] does 4 damage to Character [0]
2026-04-11T16:25:34.055Z: Character [3] does 4 damage to Character [0]
2026-04-11T16:25:35.056Z: Character [4] does 4 damage to Character [0]
2026-04-11T16:25:35.098Z: Character [3] does 4 damage to Character [0]
2026-04-11T16:25:35.222Z: Character [2] does 10 damage to Character [3]
2026-04-11T16:25:35.264Z: Character [1] does 10 damage to Character [3]
2026-04-11T16:25:36.097Z: Character [4] does 4 damage to Character [0]
2026-04-11T16:25:36.137Z: Character [0] does 10 damage to Character [4]
2026-04-11T16:25:37.139Z: Character [4] does 4 damage to Character [0]
2026-04-11T16:25:38.181Z: Character [4] does 4 damage to Character [0]
2026-04-11T16:25:38.389Z: Character [2] does 10 damage to Character [4]
2026-04-11T16:25:38.430Z: player
2026-04-11T16:25:38.431Z: Character [1] does 10 damage to Character [4]
